<?xml version="1.0" encoding="UTF-8"?>
<!-- Generated by org.testng.reporters.JUnitXMLReporter -->
<testsuite hostname="DESKTOP-ELFEV83" ignored="0" name="Default test" tests="5" failures="0" timestamp="2023-01-05T12:23:09 IST" time="0.087" errors="0">
  <testcase name="tc2" time="0.015" classname="p2.ClassB"/>
  <testcase name="tc3" time="0.0" classname="p2.ClassB"/>
  <testcase name="tc4" time="0.0" classname="p2.ClassB"/>
  <testcase name="tc5" time="0.016" classname="p2.ClassB"/>
  <testcase name="tc6" time="0.0" classname="p2.ClassB"/>
</testsuite> <!-- Default test -->
