<?xml version="1.0" encoding="UTF-8"?>
<!-- Generated by org.testng.reporters.JUnitXMLReporter -->
<testsuite hostname="DESKTOP-ELFEV83" ignored="0" name="test1" tests="6" failures="0" timestamp="2023-01-05T12:51:31 IST" time="0.081" errors="0">
  <testcase name="tc1" time="0.011" classname="p1.ClassA"/>
  <testcase name="tc2" time="0.001" classname="p2.ClassB"/>
  <testcase name="tc3" time="0.002" classname="p2.ClassB"/>
  <testcase name="tc4" time="0.001" classname="p2.ClassB"/>
  <testcase name="tc5" time="0.001" classname="p2.ClassB"/>
  <testcase name="tc6" time="0.002" classname="p2.ClassB"/>
</testsuite> <!-- test1 -->
